make all --print-data-base --no-builtin-variables --no-builtin-rules --question
# GNU Make 4.1
# Built for x86_64-pc-linux-gnu
# Copyright (C) 1988-2014 Free Software Foundation, Inc.
# License GPLv3+: GNU GPL version 3 or later <http://gnu.org/licenses/gpl.html>
# This is free software: you are free to change and redistribute it.
# There is NO WARRANTY, to the extent permitted by law.
 

# Make data base, printed on Fri Aug  5 11:25:01 2022

# Variables

# automatic
<D = $(patsubst %/,%,$(dir $<))
# automatic
?F = $(notdir $?)
# environment
DESKTOP_SESSION = xubuntu
# default
.SHELLFLAGS := -c
# environment
XDG_SESSION_TYPE = x11
# makefile (from 'Makefile', line 5)
LD_LIBRARIES = -L$(CPPUTEST_HOME)/lib -lCppUTest -lCppUTestExt
# automatic
?D = $(patsubst %/,%,$(dir $?))
# makefile (from 'Makefile', line 2)
CPPFLAGS = -I(CPPUTEST_HOME)/include
# automatic
@D = $(patsubst %/,%,$(dir $@))
# environment
XAUTHORITY = /home/bcochran/.Xauthority
# environment
GDMSESSION = xubuntu
# default
MAKE_VERSION := 4.1
# makefile
CURDIR := /home/bcochran/c++
# makefile
 
SHELL = /bin/sh
# environment
GDM_LANG = en_US
# environment
VSCODE_NLS_CONFIG = {"locale":"en-us","availableLanguages":{},"_languagePackSupport":true}
# environment
_ = /usr/share/code/code
# makefile (from 'Makefile', line 4)
CFLAGS = -include $(CPPUTEST_HOME)/include/CppUTest/MemoryLeakDetectorMallocMacros.h
# environment
socks_proxy = http://proxy-socks.ch.intel.com:1080
# environment
ftp_proxy = http://proxy.ch.intel.com:911
# environment
XDG_CONFIG_DIRS = /etc/xdg/xdg-xubuntu:/etc/xdg:/etc/xdg
# environment
GTK_OVERLAY_SCROLLING = 0
# makefile (from 'Makefile', line 1)
MAKEFILE_LIST :=  Makefile
 
# automatic
@F = $(notdir $@)
# environment
IM_CONFIG_PHASE = 2
# environment
PROXY = http://proxy.ch.intel.com:911
# 'override' directive
GNUMAKEFLAGS := 
# makefile (from 'Makefile', line 3)
CXXFLAGS = -include $(CPPUTEST_HOME)/include/CppUTest/MemoryLeakDetectorNewMacros.h
# environment
MAKELEVEL := 0
# environment
XDG_DATA_DIRS = /usr/share/xubuntu:/usr/share/xfce4:/usr/local/share:/usr/share:/var/lib/snapd/desktop:/usr/share
# environment
DBUS_SESSION_BUS_ADDRESS = unix:path=/run/user/1002/bus
# environment
GLADE_PIXMAP_PATH = :
 
# environment
LESSOPEN = | /usr/bin/lesspipe %s
# environment
VSCODE_CWD = /home/bcochran
# environment
XDG_SESSION_PATH = /org/freedesktop/DisplayManager/Session0
# default
MAKE_HOST := x86_64-pc-linux-gnu
# environment
ALL_PROXY = socks5://proxy-socks.ch.intel.com:1080
# environment
GPG_AGENT_INFO = /run/user/1002/gnupg/S.gpg-agent:0:1
# environment
SESSION_MANAGER = local/bcochran-ubuntu-linux:@/tmp/.ICE-unix/5511,unix/bcochran-ubuntu-linux:/tmp/.ICE-unix/5511
# environment
 
XDG_RUNTIME_DIR = /run/user/1002
# environment
TEXTDOMAIN = im-config
# environment
proxy = http://proxy.ch.intel.com:911
# environment
XDG_MENU_PREFIX = xfce-
# environment
ELECTRON_RUN_AS_NODE = 1
# default
.FEATURES := target-specific order-only second-expansion else-if shortest-stem undefine oneshell archives jobserver output-sync check-symlink load
# environment
GLADE_MODULE_PATH = :
# environment
XDG_GREETER_DATA_DIR = /var/lib/lightdm-data/bcochran
# environment
LS_COLORS = 
 
# environment
XDG_SESSION_DESKTOP = xubuntu
# environment
SSH_AUTH_SOCK = /run/user/1002/keyring/ssh
# automatic
%F = $(notdir $%)
# environment
HTTPS_PROXY = http://proxy.ch.intel.com:912
# environment
no_proxy = intel.com,.intel.com,10.0.0.0/8,192.168.0.0/16,localhost,127.0.0.0/8,134.134.0.0/16
# environment
FTP_PROXY = http://proxy.ch.intel.com:911
# environment
PWD = /home/bcochran/c++
# environment
QT_QPA_PLATFORMTHEME = gtk2
# environment
XDG_SEAT = seat0
 
# environment
SOCKS_PROXY = http://proxy-socks.ch.intel.com:1080
# environment
SSH_AGENT_PID = 5493
# environment
ORIGINAL_XDG_CURRENT_DESKTOP = XFCE
# environment
VSCODE_AMD_ENTRYPOINT = vs/workbench/api/node/extensionHostProcess
# environment
HOME = /home/bcochran
# environment
LESSCLOSE = /usr/bin/lesspipe %s %s
# environment
VSCODE_CODE_CACHE_PATH = /home/bcochran/.config/Code/CachedData/da76f93349a72022ca4670c1b84860304616aaa2
# environment
LOGNAME = bcochran
# environment
APPLICATION_INSIGHTS_NO_DIAGNOSTIC_CHANNEL = true
# environment
VSCODE_HANDLES_UNCAUGHT_ERRORS = true
# automatic
^D = $(patsubst %/,%,$(dir $^))
# environment
XDG_VTNR = 7
# environment
 
CLUTTER_BACKEND = x11
# environment
GLADE_CATALOG_PATH = :
# default
MAKE = $(MAKE_COMMAND)
# default
MAKECMDGOALS := all
# environment
PATH = /usr/ghs/multi_716:/usr/ghs/comp_201754:/usr/local/sbin:/usr/local/bin:/usr/sbin:/usr/bin:/sbin:/bin:/usr/games:/usr/local/games:/snap/bin
# environment
SHLVL = 1
# makefile (from 'Makefile', line 1)
CC = /usr/bin/g++
# environment
XDG_SESSION_ID = c6
# environment
USER = bcochran
# makefile
.DEFAULT_GOAL := all
# environment
XDG_CURRENT_DESKTOP = XFCE
 
# automatic
%D = $(patsubst %/,%,$(dir $%))
# environment
CPPUTEST_HOME = /home/bcochran/cpputest
# default
MAKE_COMMAND := make
# default
.VARIABLES := 
# automatic
*F = $(notdir $*)
# environment
LANGUAGE = en_US
# environment
XDG_SEAT_PATH = /org/freedesktop/DisplayManager/Seat0
# environment
VSCODE_IPC_HOOK = /run/user/1002/vscode-ce739d6d-1.70.0-main.sock
# makefile
MAKEFLAGS = pqrR
# environment
MFLAGS = -pqrR
# automatic
*D = $(patsubst %/,%,$(dir $*))
# automatic
+D = $(patsubst %/,%,$(dir $+))
# environment
 
GDK_BACKEND = x11
# automatic
+F = $(notdir $+)
# environment
HTTP_PROXY = http://proxy.ch.intel.com:911
# environment
QT_ACCESSIBILITY = 1
# environment
DISPLAY = :0.0
# environment
TEXTDOMAINDIR = /usr/share/locale/
# default
MAKEFILES := 
# automatic
<F = $(notdir $<)
# environment
https_proxy = http://proxy.ch.intel.com:912
# environment
LC_ALL = C
# automatic
^F = $(notdir $^)
# default
SUFFIXES := 
# environment
CHROME_DESKTOP = code-url-handler.desktop
# default
 
.INCLUDE_DIRS = /usr/include /usr/local/include /usr/include
# default
.RECIPEPREFIX := 
# environment
http_proxy = http://proxy.ch.intel.com:911
# environment
LANG = C
# environment
VSCODE_PID = 57280
# variable set hash-table stats:
# Load=110/1024=11%, Rehash=0, Collisions=10/138=7%

# Pattern-specific Variable Values

# No pattern-specific variable values.

# Directories

 
# . (device 2050, inode 1052794): 8 files, no impossibilities.

# 8 files, no impossibilities in 1 directories.

# Implicit Rules

# No implicit rules.

# Files

all: HelloWorld
#  Command line target.
#  Implicit rule search has been done.
#  File does not exist.
#  File has been updated.
 
#  Successfully updated.

assy: HelloWorld.s
#  Implicit rule search has not been done.
#  Modification time never checked.
#  File has not been updated.

# Not a target:
Makefile:
#  Implicit rule search has been done.
#  Last modified 2022-08-05 11:24:38.4503964
#  File has been updated.
#  Successfully updated.

HelloWorld: HelloWorld.o
 
#  Implicit rule search has not been done.
#  Last modified 2022-08-05 11:24:51.4223964
#  File has been updated.
#  Successfully updated.
#  recipe to execute (from 'Makefile', line 17):
	$(CC) HelloWorld.o -o HelloWorld

HelloWorld.o: HelloWorld.cpp
#  Implicit rule search has not been done.
#  Last modified 2022-08-05 11:24:51.2743964
 
#  File has been updated.
#  Successfully updated.
#  recipe to execute (from 'Makefile', line 14):
	$(CC) -c HelloWorld.cpp -o HelloWorld.o

default: HelloWorld
#  Implicit rule search has not been done.
#  Modification time never checked.
#  File has not been updated.

# Not a target:
.DEFAULT:
#  Implicit rule search has not been done.
#  Modification time never checked.
#  File has not been updated.

 
clean:
#  Implicit rule search has not been done.
#  Modification time never checked.
#  File has not been updated.
#  recipe to execute (from 'Makefile', line 23):
	rm -f HelloWorld.o
	rm -f HelloWorld

HelloWorld.s: HelloWorld.cpp
#  Implicit rule search has not been done.
#  Modification time never checked.
#  File has not been updated.
#  recipe to execute (from 'Makefile', line 20):
	$(CC) -S HelloWorld.cpp -S -o HelloWorld.s

 
# Not a target:
HelloWorld.cpp:
#  Implicit rule search has been done.
#  Last modified 2022-08-05 09:49:55.6263964
#  File has been updated.
#  Successfully updated.

# files hash-table stats:
# Load=11/1024=1%, Rehash=0, Collisions=0/30=0%
# VPATH Search Paths

# No 'vpath' search paths.

# No general ('VPATH' variable) search path.

 
# strcache buffers: 1 (0) / strings = 16 / storage = 148 B / avg = 9 B
# current buf: size = 8162 B / used = 148 B / count = 16 / avg = 9 B

# strcache performance: lookups = 37 / hit rate = 56%
# hash-table stats:
# Load=16/8192=0%, Rehash=0, Collisions=1/37=3%
# Finished Make data base on Fri Aug  5 11:25:01 2022

 
